<?xml version="1.0" encoding="UTF-8"?>
<!-- Generated by org.testng.reporters.JUnitReportReporter -->
<testsuite hostname="LAPTOP-9QTMGDJ4" failures="0" tests="19" name="TestRunner" time="621.279" errors="0" timestamp="2024-04-25T11:34:35 IST" skipped="0">
  <testcase classname="TestRunner" name="runScenario" time="33.188"/>
  <testcase classname="TestRunner" name="runScenario" time="34.888"/>
  <testcase classname="TestRunner" name="runScenario" time="38.948"/>
  <testcase classname="TestRunner" name="runScenario" time="33.952"/>
  <testcase classname="TestRunner" name="runScenario" time="35.481"/>
  <testcase classname="TestRunner" name="runScenario" time="34.516"/>
  <testcase classname="TestRunner" name="runScenario" time="32.456"/>
  <testcase classname="TestRunner" name="runScenario" time="31.473"/>
  <testcase classname="TestRunner" name="runScenario" time="34.172"/>
  <testcase classname="TestRunner" name="runScenario" time="32.783"/>
  <testcase classname="TestRunner" name="runScenario" time="16.678"/>
  <testcase classname="TestRunner" name="runScenario" time="32.763"/>
  <testcase classname="TestRunner" name="runScenario" time="35.722"/>
  <testcase classname="TestRunner" name="runScenario" time="31.500"/>
  <testcase classname="TestRunner" name="runScenario" time="32.167"/>
  <testcase classname="TestRunner" name="runScenario" time="32.104"/>
  <testcase classname="TestRunner" name="runScenario" time="31.651"/>
  <testcase classname="TestRunner" name="runScenario" time="34.928"/>
  <testcase classname="TestRunner" name="runScenario" time="31.909"/>
</testsuite> <!-- TestRunner -->
