<?xml version="1.0" encoding="UTF-8"?>
<!-- Generated by org.testng.reporters.JUnitReportReporter -->
<testsuite hostname="LAPTOP-9QTMGDJ4" failures="0" tests="19" name="TestRunner" time="581.179" errors="0" timestamp="2024-03-15T16:44:44 IST" skipped="0">
  <testcase classname="TestRunner" name="runScenario" time="30.775"/>
  <testcase classname="TestRunner" name="runScenario" time="32.490"/>
  <testcase classname="TestRunner" name="runScenario" time="31.612"/>
  <testcase classname="TestRunner" name="runScenario" time="15.780"/>
  <testcase classname="TestRunner" name="runScenario" time="30.462"/>
  <testcase classname="TestRunner" name="runScenario" time="32.682"/>
  <testcase classname="TestRunner" name="runScenario" time="30.564"/>
  <testcase classname="TestRunner" name="runScenario" time="31.648"/>
  <testcase classname="TestRunner" name="runScenario" time="30.487"/>
  <testcase classname="TestRunner" name="runScenario" time="30.393"/>
  <testcase classname="TestRunner" name="runScenario" time="31.618"/>
  <testcase classname="TestRunner" name="runScenario" time="31.973"/>
  <testcase classname="TestRunner" name="runScenario" time="31.223"/>
  <testcase classname="TestRunner" name="runScenario" time="31.560"/>
  <testcase classname="TestRunner" name="runScenario" time="31.460"/>
  <testcase classname="TestRunner" name="runScenario" time="32.576"/>
  <testcase classname="TestRunner" name="runScenario" time="30.504"/>
  <testcase classname="TestRunner" name="runScenario" time="32.665"/>
  <testcase classname="TestRunner" name="runScenario" time="30.707"/>
</testsuite> <!-- TestRunner -->
