<?xml version="1.0" encoding="UTF-8"?>
<!-- Generated by org.testng.reporters.JUnitReportReporter -->
<testsuite hostname="LAPTOP-9QTMGDJ4" failures="0" tests="19" name="TestRunner" time="603.772" errors="0" timestamp="2024-05-10T12:24:44 IST" skipped="0">
  <testcase classname="TestRunner" name="runScenario" time="36.272"/>
  <testcase classname="TestRunner" name="runScenario" time="31.828"/>
  <testcase classname="TestRunner" name="runScenario" time="31.511"/>
  <testcase classname="TestRunner" name="runScenario" time="32.016"/>
  <testcase classname="TestRunner" name="runScenario" time="32.072"/>
  <testcase classname="TestRunner" name="runScenario" time="33.157"/>
  <testcase classname="TestRunner" name="runScenario" time="33.405"/>
  <testcase classname="TestRunner" name="runScenario" time="31.346"/>
  <testcase classname="TestRunner" name="runScenario" time="33.586"/>
  <testcase classname="TestRunner" name="runScenario" time="32.485"/>
  <testcase classname="TestRunner" name="runScenario" time="31.823"/>
  <testcase classname="TestRunner" name="runScenario" time="31.134"/>
  <testcase classname="TestRunner" name="runScenario" time="31.836"/>
  <testcase classname="TestRunner" name="runScenario" time="33.958"/>
  <testcase classname="TestRunner" name="runScenario" time="33.219"/>
  <testcase classname="TestRunner" name="runScenario" time="16.420"/>
  <testcase classname="TestRunner" name="runScenario" time="33.633"/>
  <testcase classname="TestRunner" name="runScenario" time="31.286"/>
  <testcase classname="TestRunner" name="runScenario" time="32.785"/>
</testsuite> <!-- TestRunner -->
